<?xml version="1.0" encoding="UTF-8"?>
<testsuite name="com.training.springcore.service.SiteServiceImplTest" tests="5" skipped="0" failures="0" errors="0" timestamp="2019-03-11T14:49:29" hostname="DESKTOP-56HNDCV" time="1.825">
  <properties/>
  <testcase name="findById" classname="com.training.springcore.service.SiteServiceImplTest" time="0.825"/>
  <testcase name="readFileFromClasspath" classname="com.training.springcore.service.SiteServiceImplTest" time="0.021"/>
  <testcase name="readFileFromFileSystem" classname="com.training.springcore.service.SiteServiceImplTest" time="0.01"/>
  <testcase name="findByIdShouldReturnNullWhenIdIsNull" classname="com.training.springcore.service.SiteServiceImplTest" time="0.003"/>
  <testcase name="readFileFromUrl" classname="com.training.springcore.service.SiteServiceImplTest" time="0.961"/>
  <system-out><![CDATA[Init SiteServiceImpl :com.training.springcore.service.SiteServiceImpl@34356bd7
Init SiteServiceImpl :com.training.springcore.service.SiteServiceImpl@5cf6889c
Appel de findById :com.training.springcore.service.SiteServiceImpl@5cf6889c
Init SiteServiceImpl :com.training.springcore.service.SiteServiceImpl@362dc3f2
Lorem ipsum dolor sit amet, consectetur adipiscing elit, sed do eiusmod tempor
incididunt ut labore et dolore magna aliqua.
Ut enim ad minim veniam, quis nostrud exercitation ullamco laboris nisi ut aliquip ex
ea commodo consequat.
Duis aute irure dolor in reprehenderit in voluptate velit esse cillum dolore eu fugiat
nulla pariatur.
Excepteur sint occaecat cupidatat non proident, sunt in culpa qui officia deserunt
mollit anim id est laborum.
Init SiteServiceImpl :com.training.springcore.service.SiteServiceImpl@50894234
Lorem ipsum dolor sit amet, consectetur adipiscing elit, sed do eiusmod tempor
incididunt ut labore et dolore magna aliqua.
Ut enim ad minim veniam, quis nostrud exercitation ullamco laboris nisi ut aliquip ex
ea commodo consequat.
Duis aute irure dolor in reprehenderit in voluptate velit esse cillum dolore eu fugiat
nulla pariatur.
Excepteur sint occaecat cupidatat non proident, sunt in culpa qui officia deserunt
mollit anim id est laborum.
Init SiteServiceImpl :com.training.springcore.service.SiteServiceImpl@13fd0577
Appel de findById :com.training.springcore.service.SiteServiceImpl@13fd0577
Init SiteServiceImpl :com.training.springcore.service.SiteServiceImpl@36f03768
Lorem ipsum dolor sit amet, consectetur adipiscing elit, sed do eiusmod tempor incididunt ut labore et dolore magna aliqua.
Ut enim ad minim veniam, quis nostrud exercitation ullamco laboris nisi ut aliquip ex ea commodo consequat.
Duis aute irure dolor in reprehenderit in voluptate velit esse cillum dolore eu fugiat nulla pariatur.
Excepteur sint occaecat cupidatat non proident, sunt in culpa qui officia deserunt mollit anim id est laborum.
]]></system-out>
  <system-err><![CDATA[mars 11, 2019 3:49:29 PM org.springframework.test.context.support.AbstractTestContextBootstrapper getDefaultTestExecutionListenerClassNames
INFOS: Loaded default TestExecutionListener class names from location [META-INF/spring.factories]: [org.springframework.test.context.web.ServletTestExecutionListener, org.springframework.test.context.support.DirtiesContextBeforeModesTestExecutionListener, org.springframework.test.context.support.DependencyInjectionTestExecutionListener, org.springframework.test.context.support.DirtiesContextTestExecutionListener, org.springframework.test.context.transaction.TransactionalTestExecutionListener, org.springframework.test.context.jdbc.SqlScriptsTestExecutionListener]
mars 11, 2019 3:49:29 PM org.springframework.test.context.support.AbstractTestContextBootstrapper getTestExecutionListeners
INFOS: Using TestExecutionListeners: [org.springframework.test.context.support.DirtiesContextBeforeModesTestExecutionListener@4c0e00c0, org.springframework.test.context.support.DependencyInjectionTestExecutionListener@7883d717, org.springframework.test.context.support.DirtiesContextTestExecutionListener@95c3a52]
mars 11, 2019 3:49:29 PM org.springframework.context.support.AbstractApplicationContext prepareRefresh
INFOS: Refreshing org.springframework.context.support.GenericApplicationContext@5acf63b6: startup date [Mon Mar 11 15:49:29 CET 2019]; root of context hierarchy
]]></system-err>
</testsuite>
