<?xml version="1.0" encoding="UTF-8"?>
<testsuite name="com.training.springcore.BigCorpApplicationTest" tests="1" skipped="0" failures="0" errors="0" timestamp="2019-03-08T11:48:14" hostname="DESKTOP-56HNDCV" time="0.515">
  <properties/>
  <testcase name="run" classname="com.training.springcore.BigCorpApplicationTest" time="0.515"/>
  <system-out><![CDATA[Application startup
]]></system-out>
  <system-err><![CDATA[mars 08, 2019 12:48:14 PM org.springframework.context.support.AbstractApplicationContext prepareRefresh
INFOS: Refreshing org.springframework.context.annotation.AnnotationConfigApplicationContext@12a5cbb9: startup date [Fri Mar 08 12:48:14 CET 2019]; root of context hierarchy
]]></system-err>
</testsuite>
