<?xml version="1.0" encoding="UTF-8"?>
<testsuite name="com.training.springcore.service.SiteServiceImplTest" tests="5" skipped="0" failures="0" errors="0" timestamp="2019-03-11T13:32:08" hostname="DESKTOP-56HNDCV" time="1.741">
  <properties/>
  <testcase name="findById" classname="com.training.springcore.service.SiteServiceImplTest" time="0.784"/>
  <testcase name="readFileFromClasspath" classname="com.training.springcore.service.SiteServiceImplTest" time="0.017"/>
  <testcase name="readFileFromFileSystem" classname="com.training.springcore.service.SiteServiceImplTest" time="0.01"/>
  <testcase name="findByIdShouldReturnNullWhenIdIsNull" classname="com.training.springcore.service.SiteServiceImplTest" time="0.004"/>
  <testcase name="readFileFromUrl" classname="com.training.springcore.service.SiteServiceImplTest" time="0.922"/>
  <system-out><![CDATA[Init SiteServiceImpl :com.training.springcore.service.SiteServiceImpl@1e98507c
Init SiteServiceImpl :com.training.springcore.service.SiteServiceImpl@656c4ab6
Appel de findById :com.training.springcore.service.SiteServiceImpl@656c4ab6
Init SiteServiceImpl :com.training.springcore.service.SiteServiceImpl@72e2e858
Lorem ipsum dolor sit amet, consectetur adipiscing elit, sed do eiusmod tempor
incididunt ut labore et dolore magna aliqua.
Ut enim ad minim veniam, quis nostrud exercitation ullamco laboris nisi ut aliquip ex
ea commodo consequat.
Duis aute irure dolor in reprehenderit in voluptate velit esse cillum dolore eu fugiat
nulla pariatur.
Excepteur sint occaecat cupidatat non proident, sunt in culpa qui officia deserunt
mollit anim id est laborum.
Init SiteServiceImpl :com.training.springcore.service.SiteServiceImpl@346d9945
Lorem ipsum dolor sit amet, consectetur adipiscing elit, sed do eiusmod tempor
incididunt ut labore et dolore magna aliqua.
Ut enim ad minim veniam, quis nostrud exercitation ullamco laboris nisi ut aliquip ex
ea commodo consequat.
Duis aute irure dolor in reprehenderit in voluptate velit esse cillum dolore eu fugiat
nulla pariatur.
Excepteur sint occaecat cupidatat non proident, sunt in culpa qui officia deserunt
mollit anim id est laborum.
Init SiteServiceImpl :com.training.springcore.service.SiteServiceImpl@59828a6d
Appel de findById :com.training.springcore.service.SiteServiceImpl@59828a6d
Init SiteServiceImpl :com.training.springcore.service.SiteServiceImpl@336a2438
Lorem ipsum dolor sit amet, consectetur adipiscing elit, sed do eiusmod tempor incididunt ut labore et dolore magna aliqua.
Ut enim ad minim veniam, quis nostrud exercitation ullamco laboris nisi ut aliquip ex ea commodo consequat.
Duis aute irure dolor in reprehenderit in voluptate velit esse cillum dolore eu fugiat nulla pariatur.
Excepteur sint occaecat cupidatat non proident, sunt in culpa qui officia deserunt mollit anim id est laborum.
]]></system-out>
  <system-err><![CDATA[mars 11, 2019 2:32:08 PM org.springframework.test.context.support.AbstractTestContextBootstrapper getDefaultTestExecutionListenerClassNames
INFOS: Loaded default TestExecutionListener class names from location [META-INF/spring.factories]: [org.springframework.test.context.web.ServletTestExecutionListener, org.springframework.test.context.support.DirtiesContextBeforeModesTestExecutionListener, org.springframework.test.context.support.DependencyInjectionTestExecutionListener, org.springframework.test.context.support.DirtiesContextTestExecutionListener, org.springframework.test.context.transaction.TransactionalTestExecutionListener, org.springframework.test.context.jdbc.SqlScriptsTestExecutionListener]
mars 11, 2019 2:32:08 PM org.springframework.test.context.support.AbstractTestContextBootstrapper getTestExecutionListeners
INFOS: Using TestExecutionListeners: [org.springframework.test.context.support.DirtiesContextBeforeModesTestExecutionListener@3516504e, org.springframework.test.context.support.DependencyInjectionTestExecutionListener@5cc62285, org.springframework.test.context.support.DirtiesContextTestExecutionListener@68425357]
mars 11, 2019 2:32:08 PM org.springframework.context.support.AbstractApplicationContext prepareRefresh
INFOS: Refreshing org.springframework.context.support.GenericApplicationContext@7c986cf3: startup date [Mon Mar 11 14:32:08 CET 2019]; root of context hierarchy
]]></system-err>
</testsuite>
