<?xml version="1.0" encoding="UTF-8"?>
<testsuite name="com.training.springcore.service.measure.SimulatedMeasureServiceTest" tests="2" skipped="0" failures="0" errors="0" timestamp="2019-03-11T13:32:08" hostname="DESKTOP-56HNDCV" time="0.007">
  <properties/>
  <testcase name="readMeasuresThrowsExceptionWhenArgIsNull" classname="com.training.springcore.service.measure.SimulatedMeasureServiceTest" time="0.004"/>
  <testcase name="readMeasures" classname="com.training.springcore.service.measure.SimulatedMeasureServiceTest" time="0.002"/>
  <system-out><![CDATA[]]></system-out>
  <system-err><![CDATA[mars 11, 2019 2:32:08 PM org.springframework.test.context.support.AbstractTestContextBootstrapper getDefaultTestExecutionListenerClassNames
INFOS: Loaded default TestExecutionListener class names from location [META-INF/spring.factories]: [org.springframework.test.context.web.ServletTestExecutionListener, org.springframework.test.context.support.DirtiesContextBeforeModesTestExecutionListener, org.springframework.test.context.support.DependencyInjectionTestExecutionListener, org.springframework.test.context.support.DirtiesContextTestExecutionListener, org.springframework.test.context.transaction.TransactionalTestExecutionListener, org.springframework.test.context.jdbc.SqlScriptsTestExecutionListener]
mars 11, 2019 2:32:08 PM org.springframework.test.context.support.AbstractTestContextBootstrapper getTestExecutionListeners
INFOS: Using TestExecutionListeners: [org.springframework.test.context.support.DirtiesContextBeforeModesTestExecutionListener@3e284c4, org.springframework.test.context.support.DependencyInjectionTestExecutionListener@3e06bbf1, org.springframework.test.context.support.DirtiesContextTestExecutionListener@4a061b7a]
]]></system-err>
</testsuite>
