<?xml version="1.0" encoding="UTF-8"?>
<testsuite name="com.training.springcore.service.measure.FixedMeasureServiceTest" tests="2" skipped="0" failures="0" errors="0" timestamp="2019-03-11T14:49:29" hostname="DESKTOP-56HNDCV" time="0.073">
  <properties/>
  <testcase name="readMeasuresThrowsExceptionWhenArgIsNull" classname="com.training.springcore.service.measure.FixedMeasureServiceTest" time="0.062"/>
  <testcase name="readMeasures" classname="com.training.springcore.service.measure.FixedMeasureServiceTest" time="0.011"/>
  <system-out><![CDATA[]]></system-out>
  <system-err><![CDATA[mars 11, 2019 3:49:29 PM org.springframework.test.context.support.AbstractTestContextBootstrapper getDefaultTestExecutionListenerClassNames
INFOS: Loaded default TestExecutionListener class names from location [META-INF/spring.factories]: [org.springframework.test.context.web.ServletTestExecutionListener, org.springframework.test.context.support.DirtiesContextBeforeModesTestExecutionListener, org.springframework.test.context.support.DependencyInjectionTestExecutionListener, org.springframework.test.context.support.DirtiesContextTestExecutionListener, org.springframework.test.context.transaction.TransactionalTestExecutionListener, org.springframework.test.context.jdbc.SqlScriptsTestExecutionListener]
mars 11, 2019 3:49:29 PM org.springframework.test.context.support.AbstractTestContextBootstrapper getTestExecutionListeners
INFOS: Using TestExecutionListeners: [org.springframework.test.context.support.DirtiesContextBeforeModesTestExecutionListener@244b6c81, org.springframework.test.context.support.DependencyInjectionTestExecutionListener@6e39b1d2, org.springframework.test.context.support.DirtiesContextTestExecutionListener@614d83b7]
mars 11, 2019 3:49:29 PM org.springframework.context.support.AbstractApplicationContext prepareRefresh
INFOS: Refreshing org.springframework.context.support.GenericApplicationContext@2cbb209: startup date [Mon Mar 11 15:49:29 CET 2019]; root of context hierarchy
]]></system-err>
</testsuite>
