<?xml version="1.0" encoding="UTF-8"?>
<testsuite name="com.training.springcore.service.measure.SimulatedMeasureServiceTest" tests="2" skipped="0" failures="0" errors="0" timestamp="2019-03-11T14:49:29" hostname="DESKTOP-56HNDCV" time="0.006">
  <properties/>
  <testcase name="readMeasuresThrowsExceptionWhenArgIsNull" classname="com.training.springcore.service.measure.SimulatedMeasureServiceTest" time="0.003"/>
  <testcase name="readMeasures" classname="com.training.springcore.service.measure.SimulatedMeasureServiceTest" time="0.002"/>
  <system-out><![CDATA[]]></system-out>
  <system-err><![CDATA[mars 11, 2019 3:49:29 PM org.springframework.test.context.support.AbstractTestContextBootstrapper getDefaultTestExecutionListenerClassNames
INFOS: Loaded default TestExecutionListener class names from location [META-INF/spring.factories]: [org.springframework.test.context.web.ServletTestExecutionListener, org.springframework.test.context.support.DirtiesContextBeforeModesTestExecutionListener, org.springframework.test.context.support.DependencyInjectionTestExecutionListener, org.springframework.test.context.support.DirtiesContextTestExecutionListener, org.springframework.test.context.transaction.TransactionalTestExecutionListener, org.springframework.test.context.jdbc.SqlScriptsTestExecutionListener]
mars 11, 2019 3:49:29 PM org.springframework.test.context.support.AbstractTestContextBootstrapper getTestExecutionListeners
INFOS: Using TestExecutionListeners: [org.springframework.test.context.support.DirtiesContextBeforeModesTestExecutionListener@79b3c715, org.springframework.test.context.support.DependencyInjectionTestExecutionListener@13a63da, org.springframework.test.context.support.DirtiesContextTestExecutionListener@adc7f5f]
]]></system-err>
</testsuite>
