<?xml version="1.0" encoding="UTF-8"?>
<testsuite name="com.training.springcore.service.SiteServiceImplTest" tests="2" skipped="0" failures="0" errors="0" timestamp="2019-03-08T10:50:15" hostname="DESKTOP-56HNDCV" time="0.863">
  <properties/>
  <testcase name="findById" classname="com.training.springcore.service.SiteServiceImplTest" time="0.861"/>
  <testcase name="findByIdShouldReturnNullWhenIdIsNull" classname="com.training.springcore.service.SiteServiceImplTest" time="0.002"/>
  <system-out><![CDATA[]]></system-out>
  <system-err><![CDATA[]]></system-err>
</testsuite>
