<?xml version="1.0" encoding="UTF-8"?>
<testsuite name="com.training.springcore.service.SiteServiceImplTest" tests="5" skipped="0" failures="0" errors="0" timestamp="2019-03-11T11:23:49" hostname="DESKTOP-56HNDCV" time="1.512">
  <properties/>
  <testcase name="findById" classname="com.training.springcore.service.SiteServiceImplTest" time="0.648"/>
  <testcase name="readFileFromClasspath" classname="com.training.springcore.service.SiteServiceImplTest" time="0.07"/>
  <testcase name="readFileFromFileSystem" classname="com.training.springcore.service.SiteServiceImplTest" time="0.006"/>
  <testcase name="findByIdShouldReturnNullWhenIdIsNull" classname="com.training.springcore.service.SiteServiceImplTest" time="0.002"/>
  <testcase name="readFileFromUrl" classname="com.training.springcore.service.SiteServiceImplTest" time="0.785"/>
  <system-out><![CDATA[Init SiteServiceImpl :com.training.springcore.service.SiteServiceImpl@217e91f1
Init SiteServiceImpl :com.training.springcore.service.SiteServiceImpl@22ee07ce
Appel de findById :com.training.springcore.service.SiteServiceImpl@22ee07ce
Init SiteServiceImpl :com.training.springcore.service.SiteServiceImpl@705b9dc4
Lorem ipsum dolor sit amet, consectetur adipiscing elit, sed do eiusmod tempor
incididunt ut labore et dolore magna aliqua.
Ut enim ad minim veniam, quis nostrud exercitation ullamco laboris nisi ut aliquip ex
ea commodo consequat.
Duis aute irure dolor in reprehenderit in voluptate velit esse cillum dolore eu fugiat
nulla pariatur.
Excepteur sint occaecat cupidatat non proident, sunt in culpa qui officia deserunt
mollit anim id est laborum.
Init SiteServiceImpl :com.training.springcore.service.SiteServiceImpl@711e1fa9
Lorem ipsum dolor sit amet, consectetur adipiscing elit, sed do eiusmod tempor
incididunt ut labore et dolore magna aliqua.
Ut enim ad minim veniam, quis nostrud exercitation ullamco laboris nisi ut aliquip ex
ea commodo consequat.
Duis aute irure dolor in reprehenderit in voluptate velit esse cillum dolore eu fugiat
nulla pariatur.
Excepteur sint occaecat cupidatat non proident, sunt in culpa qui officia deserunt
mollit anim id est laborum.
Init SiteServiceImpl :com.training.springcore.service.SiteServiceImpl@5819d02c
Appel de findById :com.training.springcore.service.SiteServiceImpl@5819d02c
Init SiteServiceImpl :com.training.springcore.service.SiteServiceImpl@8db30a3
Lorem ipsum dolor sit amet, consectetur adipiscing elit, sed do eiusmod tempor incididunt ut labore et dolore magna aliqua.
Ut enim ad minim veniam, quis nostrud exercitation ullamco laboris nisi ut aliquip ex ea commodo consequat.
Duis aute irure dolor in reprehenderit in voluptate velit esse cillum dolore eu fugiat nulla pariatur.
Excepteur sint occaecat cupidatat non proident, sunt in culpa qui officia deserunt mollit anim id est laborum.
]]></system-out>
  <system-err><![CDATA[mars 11, 2019 12:23:49 PM org.springframework.test.context.support.AbstractTestContextBootstrapper getDefaultTestExecutionListenerClassNames
INFOS: Loaded default TestExecutionListener class names from location [META-INF/spring.factories]: [org.springframework.test.context.web.ServletTestExecutionListener, org.springframework.test.context.support.DirtiesContextBeforeModesTestExecutionListener, org.springframework.test.context.support.DependencyInjectionTestExecutionListener, org.springframework.test.context.support.DirtiesContextTestExecutionListener, org.springframework.test.context.transaction.TransactionalTestExecutionListener, org.springframework.test.context.jdbc.SqlScriptsTestExecutionListener]
mars 11, 2019 12:23:49 PM org.springframework.test.context.support.AbstractTestContextBootstrapper getTestExecutionListeners
INFOS: Using TestExecutionListeners: [org.springframework.test.context.support.DirtiesContextBeforeModesTestExecutionListener@34ab8e57, org.springframework.test.context.support.DependencyInjectionTestExecutionListener@784c8fc4, org.springframework.test.context.support.DirtiesContextTestExecutionListener@74556db4]
mars 11, 2019 12:23:49 PM org.springframework.context.support.AbstractApplicationContext prepareRefresh
INFOS: Refreshing org.springframework.context.support.GenericApplicationContext@2da69e65: startup date [Mon Mar 11 12:23:49 CET 2019]; root of context hierarchy
]]></system-err>
</testsuite>
